[2018-05-24 20:25:19.134] [INFO] crash-log - [32m[/Users/z/Documents/pomelo/mango/test/game-server/node_modules/pomelo/lib/master/master.js] [39m[client],[pomelo_list_1527164719023],[1527164719134],[disconnect]
[2018-05-24 20:37:38.351] [INFO] crash-log - [32m[/Users/z/Documents/pomelo/mango/test/game-server/node_modules/pomelo/lib/master/master.js] [39m[connector],[connector-server-1],[1527165458351],[disconnect]
[2018-05-24 20:42:33.390] [INFO] crash-log - [32m[/Users/z/Documents/pomelo/mango/test/game-server/node_modules/pomelo/lib/master/master.js] [39m[client],[pomelo_list_1527165753266],[1527165753389],[disconnect]
[2018-05-24 20:42:54.238] [INFO] crash-log - [32m[/Users/z/Documents/pomelo/mango/test/game-server/node_modules/pomelo/lib/master/master.js] [39m[connector],[connector-server-1],[1527165774237],[disconnect]
[2018-05-29 20:12:21.533] [INFO] crash-log - [32m[/Users/z/Documents/pomelo/mango/test/game-server/node_modules/pomelo/lib/master/master.js] [39m[client],[pomelo_list_1527595941307],[1527595941533],[disconnect]
[2018-05-29 20:31:56.808] [INFO] crash-log - [32m[/Users/z/Documents/pomelo/mango/test/game-server/node_modules/pomelo/lib/master/master.js] [39m[client],[pomelo_list_1527597116709],[1527597116808],[disconnect]
[2018-05-29 20:32:06.864] [INFO] crash-log - [32m[/Users/z/Documents/pomelo/mango/test/game-server/node_modules/pomelo/lib/master/master.js] [39m[connector],[connector-server-1],[1527597126864],[disconnect]
[2018-05-30 11:34:51.268] [INFO] crash-log - [32m[/Users/z/Documents/pomelo/mango/test/game-server/node_modules/pomelo/lib/master/master.js] [39m[connector],[connector-server-1],[1527651291268],[disconnect]
[2018-05-30 14:19:21.687] [INFO] crash-log - [32m[/Users/z/Documents/pomelo/mango/test/game-server/node_modules/pomelo/lib/master/master.js] [39m[connector],[connector-server-1],[1527661161687],[disconnect]
[2018-05-30 15:20:44.772] [INFO] crash-log - [32m[/Users/z/Documents/pomelo/mango/test/game-server/node_modules/pomelo/lib/master/master.js] [39m[chat],[chat-server-1],[1527664844772],[disconnect]
[2018-05-30 15:20:44.777] [INFO] crash-log - [32m[/Users/z/Documents/pomelo/mango/test/game-server/node_modules/pomelo/lib/master/master.js] [39m[connector],[connector-server-1],[1527664844777],[disconnect]
[2018-05-30 15:57:26.462] [INFO] crash-log - [32m[/Users/z/Documents/pomelo/mango/test/game-server/node_modules/pomelo/lib/master/master.js] [39m[chat],[chat-server-1],[1527667046462],[disconnect]
[2018-05-30 15:57:26.482] [INFO] crash-log - [32m[/Users/z/Documents/pomelo/mango/test/game-server/node_modules/pomelo/lib/master/master.js] [39m[connector],[connector-server-1],[1527667046482],[disconnect]
[2018-05-30 15:59:07.216] [INFO] crash-log - [32m[/Users/z/Documents/pomelo/mango/test/game-server/node_modules/pomelo/lib/master/master.js] [39m[chat],[chat-server-1],[1527667147216],[disconnect]
[2018-05-30 15:59:07.221] [INFO] crash-log - [32m[/Users/z/Documents/pomelo/mango/test/game-server/node_modules/pomelo/lib/master/master.js] [39m[connector],[connector-server-1],[1527667147221],[disconnect]
[2018-05-30 16:04:18.908] [INFO] crash-log - [32m[/Users/z/Documents/pomelo/mango/test/game-server/node_modules/pomelo/lib/master/master.js] [39m[chat],[chat-server-1],[1527667458908],[disconnect]
[2018-05-30 16:04:18.913] [INFO] crash-log - [32m[/Users/z/Documents/pomelo/mango/test/game-server/node_modules/pomelo/lib/master/master.js] [39m[connector],[connector-server-1],[1527667458913],[disconnect]
[2018-05-30 16:15:00.796] [INFO] crash-log - [32m[/Users/z/Documents/pomelo/mango/test/game-server/node_modules/pomelo/lib/master/master.js] [39m[chat],[chat-server-1],[1527668100796],[disconnect]
[2018-05-30 16:25:09.466] [INFO] crash-log - [32m[/Users/z/Documents/pomelo/mango/test/game-server/node_modules/pomelo/lib/master/master.js] [39m[chat],[chat-server-1],[1527668709466],[disconnect]
[2018-05-30 16:25:09.470] [INFO] crash-log - [32m[/Users/z/Documents/pomelo/mango/test/game-server/node_modules/pomelo/lib/master/master.js] [39m[gate],[gate-server-1],[1527668709470],[disconnect]
[2018-05-30 16:25:09.474] [INFO] crash-log - [32m[/Users/z/Documents/pomelo/mango/test/game-server/node_modules/pomelo/lib/master/master.js] [39m[connector],[connector-server-1],[1527668709474],[disconnect]
[2018-05-30 16:42:33.105] [INFO] crash-log - [32m[/Users/z/Documents/pomelo/mango/test/game-server/node_modules/pomelo/lib/master/master.js] [39m[chat],[chat-server-1],[1527669753105],[disconnect]
[2018-05-30 16:42:33.110] [INFO] crash-log - [32m[/Users/z/Documents/pomelo/mango/test/game-server/node_modules/pomelo/lib/master/master.js] [39m[gate],[gate-server-1],[1527669753110],[disconnect]
[2018-05-30 16:42:33.113] [INFO] crash-log - [32m[/Users/z/Documents/pomelo/mango/test/game-server/node_modules/pomelo/lib/master/master.js] [39m[connector],[connector-server-1],[1527669753113],[disconnect]
[2018-05-30 16:44:31.182] [INFO] crash-log - [32m[/Users/z/Documents/pomelo/mango/test/game-server/node_modules/pomelo/lib/master/master.js] [39m[chat],[chat-server-1],[1527669871182],[disconnect]
[2018-05-30 16:44:31.186] [INFO] crash-log - [32m[/Users/z/Documents/pomelo/mango/test/game-server/node_modules/pomelo/lib/master/master.js] [39m[gate],[gate-server-1],[1527669871186],[disconnect]
[2018-05-30 16:44:31.189] [INFO] crash-log - [32m[/Users/z/Documents/pomelo/mango/test/game-server/node_modules/pomelo/lib/master/master.js] [39m[connector],[connector-server-1],[1527669871189],[disconnect]
[2018-05-31 10:13:55.537] [INFO] crash-log - [32m[/Users/z/Documents/pomelo/mango/test/game-server/node_modules/pomelo/lib/master/master.js] [39m[fight],[fight-server-1],[1527732835537],[disconnect]
[2018-05-31 10:13:55.541] [INFO] crash-log - [32m[/Users/z/Documents/pomelo/mango/test/game-server/node_modules/pomelo/lib/master/master.js] [39m[gate],[gate-server-1],[1527732835541],[disconnect]
[2018-05-31 10:15:38.344] [INFO] crash-log - [32m[/Users/z/Documents/pomelo/mango/test/game-server/node_modules/pomelo/lib/master/master.js] [39m[fight],[fight-server-1],[1527732938344],[disconnect]
[2018-05-31 10:15:38.349] [INFO] crash-log - [32m[/Users/z/Documents/pomelo/mango/test/game-server/node_modules/pomelo/lib/master/master.js] [39m[connector],[connector-server-1],[1527732938349],[disconnect]
[2018-05-31 10:15:38.352] [INFO] crash-log - [32m[/Users/z/Documents/pomelo/mango/test/game-server/node_modules/pomelo/lib/master/master.js] [39m[gate],[gate-server-1],[1527732938352],[disconnect]
[2018-05-31 14:29:15.663] [INFO] crash-log - [32m[/Users/z/Documents/pomelo/mango/test/game-server/node_modules/pomelo/lib/master/master.js] [39m[fight],[fight-server-1],[1527748155663],[disconnect]
[2018-05-31 14:29:15.668] [INFO] crash-log - [32m[/Users/z/Documents/pomelo/mango/test/game-server/node_modules/pomelo/lib/master/master.js] [39m[gate],[gate-server-1],[1527748155668],[disconnect]
[2018-05-31 14:29:15.672] [INFO] crash-log - [32m[/Users/z/Documents/pomelo/mango/test/game-server/node_modules/pomelo/lib/master/master.js] [39m[connector],[connector-server-1],[1527748155672],[disconnect]
[2018-05-31 15:03:44.865] [INFO] crash-log - [32m[/Users/z/Documents/pomelo/mango/test/game-server/node_modules/pomelo/lib/master/master.js] [39m[fight],[fight-server-1],[1527750224865],[disconnect]
[2018-05-31 15:03:44.869] [INFO] crash-log - [32m[/Users/z/Documents/pomelo/mango/test/game-server/node_modules/pomelo/lib/master/master.js] [39m[connector],[connector-server-1],[1527750224869],[disconnect]
[2018-05-31 15:03:44.873] [INFO] crash-log - [32m[/Users/z/Documents/pomelo/mango/test/game-server/node_modules/pomelo/lib/master/master.js] [39m[gate],[gate-server-1],[1527750224873],[disconnect]
[2018-05-31 15:12:12.333] [INFO] crash-log - [32m[/Users/z/Documents/pomelo/mango/test/game-server/node_modules/pomelo/lib/master/master.js] [39m[fight],[fight-server-1],[1527750732333],[disconnect]
[2018-05-31 15:12:12.338] [INFO] crash-log - [32m[/Users/z/Documents/pomelo/mango/test/game-server/node_modules/pomelo/lib/master/master.js] [39m[gate],[gate-server-1],[1527750732337],[disconnect]
[2018-05-31 15:12:12.341] [INFO] crash-log - [32m[/Users/z/Documents/pomelo/mango/test/game-server/node_modules/pomelo/lib/master/master.js] [39m[connector],[connector-server-1],[1527750732341],[disconnect]
[2018-05-31 15:47:55.877] [INFO] crash-log - [32m[/Users/z/Documents/pomelo/mango/test/game-server/node_modules/pomelo/lib/master/master.js] [39m[fight],[fight-server-1],[1527752875877],[disconnect]
[2018-05-31 15:47:55.880] [INFO] crash-log - [32m[/Users/z/Documents/pomelo/mango/test/game-server/node_modules/pomelo/lib/master/master.js] [39m[gate],[gate-server-1],[1527752875880],[disconnect]
[2018-05-31 15:47:55.883] [INFO] crash-log - [32m[/Users/z/Documents/pomelo/mango/test/game-server/node_modules/pomelo/lib/master/master.js] [39m[connector],[connector-server-1],[1527752875883],[disconnect]
