[2018-05-24 20:23:23.618] [INFO] pomelo - [32m[/Users/z/Documents/pomelo/mango/test/game-server/node_modules/pomelo/lib/application.js] [39mapplication inited: "connector-server-1"
[2018-05-24 20:23:24.034] [INFO] pomelo - [32m[/Users/z/Documents/pomelo/mango/test/game-server/node_modules/pomelo/lib/application.js] [39m"connector-server-1" enter after start...
[2018-05-24 20:23:24.039] [INFO] pomelo - [32m[/Users/z/Documents/pomelo/mango/test/game-server/node_modules/pomelo/lib/application.js] [39m"connector-server-1" finish start
[2018-05-24 20:23:24.039] [INFO] pomelo - [32m[/Users/z/Documents/pomelo/mango/test/game-server/node_modules/pomelo/lib/application.js] [39m"connector-server-1" startup in 345 ms
[2018-05-24 20:24:47.466] [DEBUG] pomelo - [36m[/Users/z/Documents/pomelo/mango/test/game-server/node_modules/pomelo/lib/components/connector.js] [39m[connector-server-1] getSession session is created with session id: 1
[2018-05-24 20:24:47.477] [DEBUG] pomelo - [36m[/Users/z/Documents/pomelo/mango/test/game-server/node_modules/pomelo/lib/components/connector.js] [39m[connector-server-1] handleMessage session id: 1, msg: {"id":1,"type":0,"compressRoute":0,"route":"connector.entryHandler.entry","body":"hello pomelo","compressGzip":0}
[2018-05-24 20:24:47.481] [DEBUG] pomelo - [36m[/Users/z/Documents/pomelo/mango/test/game-server/node_modules/pomelo/lib/components/connector.js] [39m[connector-server-1] send message reqId: 1, route: connector.entryHandler.entry, msg: {"code":200,"msg":"game server is ok."}, receivers: [1], opts: {"type":"response","userOptions":{},"isResponse":true}
[2018-05-24 20:27:52.687] [DEBUG] pomelo - [36m[/Users/z/Documents/pomelo/mango/test/game-server/node_modules/pomelo/lib/components/connector.js] [39m[connector-server-1] getSession session is created with session id: 2
[2018-05-24 20:27:52.691] [DEBUG] pomelo - [36m[/Users/z/Documents/pomelo/mango/test/game-server/node_modules/pomelo/lib/components/connector.js] [39m[connector-server-1] handleMessage session id: 2, msg: {"id":2,"type":0,"compressRoute":0,"route":"connector.entryHandler.entry","body":"hello pomelo","compressGzip":0}
[2018-05-24 20:27:52.691] [DEBUG] pomelo - [36m[/Users/z/Documents/pomelo/mango/test/game-server/node_modules/pomelo/lib/components/connector.js] [39m[connector-server-1] send message reqId: 2, route: connector.entryHandler.entry, msg: {"code":200,"msg":"game server is ok."}, receivers: [2], opts: {"type":"response","userOptions":{},"isResponse":true}
[2018-05-24 20:27:56.019] [INFO] pomelo - [32m[/Users/z/Documents/pomelo/mango/test/game-server/node_modules/pomelo/lib/connectors/commands/heartbeat.js] [39mclient 1 heartbeat timeout.
[2018-05-24 20:27:56.021] [DEBUG] pomelo - [36m[/Users/z/Documents/pomelo/mango/test/game-server/node_modules/pomelo/lib/common/service/sessionService.js] [39msession on [connector-server-1] is closed with session id: 1
[2018-05-24 20:31:52.879] [INFO] pomelo - [32m[/Users/z/Documents/pomelo/mango/test/game-server/node_modules/pomelo/lib/components/protobuf.js] [39mchange proto file , type : "client", path : "/Users/z/Documents/pomelo/mango/test/game-server/config/clientProtos.json", version : "xT9OvpsqULwrUv2IpdUD4Q=="
[2018-05-24 20:32:51.864] [INFO] pomelo - [32m[/Users/z/Documents/pomelo/mango/test/game-server/node_modules/pomelo/lib/components/protobuf.js] [39mchange proto file , type : "client", path : "/Users/z/Documents/pomelo/mango/test/game-server/config/clientProtos.json", version : "xT9OvpsqULwrUv2IpdUD4Q=="
[2018-05-24 20:33:09.067] [INFO] pomelo - [32m[/Users/z/Documents/pomelo/mango/test/game-server/node_modules/pomelo/lib/connectors/commands/heartbeat.js] [39mclient 2 heartbeat timeout.
[2018-05-24 20:33:09.068] [DEBUG] pomelo - [36m[/Users/z/Documents/pomelo/mango/test/game-server/node_modules/pomelo/lib/common/service/sessionService.js] [39msession on [connector-server-1] is closed with session id: 2
[2018-05-24 20:39:28.068] [INFO] pomelo - [32m[/Users/z/Documents/pomelo/mango/test/game-server/node_modules/pomelo/lib/application.js] [39mapplication inited: "connector-server-1"
[2018-05-24 20:39:28.481] [INFO] pomelo - [32m[/Users/z/Documents/pomelo/mango/test/game-server/node_modules/pomelo/lib/application.js] [39m"connector-server-1" enter after start...
[2018-05-24 20:39:28.485] [INFO] pomelo - [32m[/Users/z/Documents/pomelo/mango/test/game-server/node_modules/pomelo/lib/application.js] [39m"connector-server-1" finish start
[2018-05-24 20:39:28.486] [INFO] pomelo - [32m[/Users/z/Documents/pomelo/mango/test/game-server/node_modules/pomelo/lib/application.js] [39m"connector-server-1" startup in 348 ms
[2018-05-24 20:46:01.541] [INFO] pomelo - [32m[/Users/z/Documents/pomelo/mango/test/game-server/node_modules/pomelo/lib/application.js] [39mapplication inited: "connector-server-1"
[2018-05-24 20:46:01.939] [INFO] pomelo - [32m[/Users/z/Documents/pomelo/mango/test/game-server/node_modules/pomelo/lib/application.js] [39m"connector-server-1" enter after start...
[2018-05-24 20:46:01.943] [INFO] pomelo - [32m[/Users/z/Documents/pomelo/mango/test/game-server/node_modules/pomelo/lib/application.js] [39m"connector-server-1" finish start
[2018-05-24 20:46:01.944] [INFO] pomelo - [32m[/Users/z/Documents/pomelo/mango/test/game-server/node_modules/pomelo/lib/application.js] [39m"connector-server-1" startup in 331 ms
[2018-05-24 20:48:39.200] [WARN] pomelo - [33m[/Users/z/Documents/pomelo/mango/test/game-server/node_modules/pomelo/lib/connectors/hybrid/switcher.js] [39mconnection is timeout without communication, the remote ip is ::ffff:192.168.0.151 && port is 49305
[2018-05-24 20:57:10.290] [DEBUG] pomelo - [36m[/Users/z/Documents/pomelo/mango/test/game-server/node_modules/pomelo/lib/components/connector.js] [39m[connector-server-1] getSession session is created with session id: 1
[2018-05-24 20:57:10.324] [DEBUG] pomelo - [36m[/Users/z/Documents/pomelo/mango/test/game-server/node_modules/pomelo/lib/components/connector.js] [39m[connector-server-1] handleMessage session id: 1, msg: {"id":1,"type":0,"compressRoute":0,"route":"connector.entryHandler.entry","body":"Hello pomelo","compressGzip":0}
[2018-05-24 20:57:10.332] [WARN] pomelo - [33m[/Users/z/Documents/pomelo/mango/test/game-server/node_modules/pomelo/lib/common/service/handlerService.js] [39mcould not find the method entry in handler: entryHandler
[2018-05-24 20:57:10.332] [ERROR] pomelo - [31m[/Users/z/Documents/pomelo/mango/test/game-server/node_modules/pomelo/lib/common/service/handlerService.js] [39m[handleManager]: fail to find handler for undefined
[2018-05-24 20:57:10.333] [DEBUG] pomelo - [36m[/Users/z/Documents/pomelo/mango/test/game-server/node_modules/pomelo/lib/server/server.js] [39mno default error handler to resolve unknown exception. Error: fail to find handler for undefined
    at Service.handle (/Users/z/Documents/pomelo/mango/test/game-server/node_modules/pomelo/lib/common/service/handlerService.js:35:30)
    at handle (/Users/z/Documents/pomelo/mango/test/game-server/node_modules/pomelo/lib/server/server.js:375:25)
    at next (/Users/z/Documents/pomelo/mango/test/game-server/node_modules/pomelo/lib/common/service/filterService.js:50:7)
    at Service.beforeFilter (/Users/z/Documents/pomelo/mango/test/game-server/node_modules/pomelo/lib/common/service/filterService.js:65:3)
    at beforeFilter (/Users/z/Documents/pomelo/mango/test/game-server/node_modules/pomelo/lib/server/server.js:242:8)
    at doHandle (/Users/z/Documents/pomelo/mango/test/game-server/node_modules/pomelo/lib/server/server.js:388:3)
    at dispatch (/Users/z/Documents/pomelo/mango/test/game-server/node_modules/pomelo/lib/server/server.js:107:7)
    at next (/Users/z/Documents/pomelo/mango/test/game-server/node_modules/pomelo/lib/common/service/filterService.js:50:7)
    at Service.beforeFilter (/Users/z/Documents/pomelo/mango/test/game-server/node_modules/pomelo/lib/common/service/filterService.js:65:3)
    at beforeFilter (/Users/z/Documents/pomelo/mango/test/game-server/node_modules/pomelo/lib/server/server.js:242:8)
[2018-05-24 20:57:10.335] [DEBUG] pomelo - [36m[/Users/z/Documents/pomelo/mango/test/game-server/node_modules/pomelo/lib/components/connector.js] [39m[connector-server-1] send message reqId: 1, route: connector.entryHandler.entry, msg: {"code":500}, receivers: [1], opts: {"type":"response","userOptions":{},"isResponse":true}
[2018-05-24 20:57:16.328] [INFO] pomelo - [32m[/Users/z/Documents/pomelo/mango/test/game-server/node_modules/pomelo/lib/connectors/commands/heartbeat.js] [39mclient 1 heartbeat timeout.
[2018-05-24 20:57:16.330] [DEBUG] pomelo - [36m[/Users/z/Documents/pomelo/mango/test/game-server/node_modules/pomelo/lib/common/service/sessionService.js] [39msession on [connector-server-1] is closed with session id: 1
[2018-05-24 20:57:21.428] [DEBUG] pomelo - [36m[/Users/z/Documents/pomelo/mango/test/game-server/node_modules/pomelo/lib/components/connector.js] [39m[connector-server-1] getSession session is created with session id: 2
[2018-05-24 20:57:21.508] [DEBUG] pomelo - [36m[/Users/z/Documents/pomelo/mango/test/game-server/node_modules/pomelo/lib/components/connector.js] [39m[connector-server-1] handleMessage session id: 2, msg: {"id":1,"type":0,"compressRoute":0,"route":"connector.entryHandler.entry","body":"Hello pomelo","compressGzip":0}
[2018-05-24 20:57:21.508] [WARN] pomelo - [33m[/Users/z/Documents/pomelo/mango/test/game-server/node_modules/pomelo/lib/common/service/handlerService.js] [39mcould not find the method entry in handler: entryHandler
[2018-05-24 20:57:21.509] [ERROR] pomelo - [31m[/Users/z/Documents/pomelo/mango/test/game-server/node_modules/pomelo/lib/common/service/handlerService.js] [39m[handleManager]: fail to find handler for undefined
[2018-05-24 20:57:21.509] [DEBUG] pomelo - [36m[/Users/z/Documents/pomelo/mango/test/game-server/node_modules/pomelo/lib/server/server.js] [39mno default error handler to resolve unknown exception. Error: fail to find handler for undefined
    at Service.handle (/Users/z/Documents/pomelo/mango/test/game-server/node_modules/pomelo/lib/common/service/handlerService.js:35:30)
    at handle (/Users/z/Documents/pomelo/mango/test/game-server/node_modules/pomelo/lib/server/server.js:375:25)
    at next (/Users/z/Documents/pomelo/mango/test/game-server/node_modules/pomelo/lib/common/service/filterService.js:50:7)
    at Service.beforeFilter (/Users/z/Documents/pomelo/mango/test/game-server/node_modules/pomelo/lib/common/service/filterService.js:65:3)
    at beforeFilter (/Users/z/Documents/pomelo/mango/test/game-server/node_modules/pomelo/lib/server/server.js:242:8)
    at doHandle (/Users/z/Documents/pomelo/mango/test/game-server/node_modules/pomelo/lib/server/server.js:388:3)
    at dispatch (/Users/z/Documents/pomelo/mango/test/game-server/node_modules/pomelo/lib/server/server.js:107:7)
    at next (/Users/z/Documents/pomelo/mango/test/game-server/node_modules/pomelo/lib/common/service/filterService.js:50:7)
    at Service.beforeFilter (/Users/z/Documents/pomelo/mango/test/game-server/node_modules/pomelo/lib/common/service/filterService.js:65:3)
    at beforeFilter (/Users/z/Documents/pomelo/mango/test/game-server/node_modules/pomelo/lib/server/server.js:242:8)
[2018-05-24 20:57:21.510] [DEBUG] pomelo - [36m[/Users/z/Documents/pomelo/mango/test/game-server/node_modules/pomelo/lib/components/connector.js] [39m[connector-server-1] send message reqId: 1, route: connector.entryHandler.entry, msg: {"code":500}, receivers: [2], opts: {"type":"response","userOptions":{},"isResponse":true}
[2018-05-24 20:57:35.298] [DEBUG] pomelo - [36m[/Users/z/Documents/pomelo/mango/test/game-server/node_modules/pomelo/lib/common/service/sessionService.js] [39msession on [connector-server-1] is closed with session id: 2
[2018-05-24 20:57:38.725] [DEBUG] pomelo - [36m[/Users/z/Documents/pomelo/mango/test/game-server/node_modules/pomelo/lib/components/connector.js] [39m[connector-server-1] getSession session is created with session id: 3
[2018-05-24 20:57:38.733] [DEBUG] pomelo - [36m[/Users/z/Documents/pomelo/mango/test/game-server/node_modules/pomelo/lib/components/connector.js] [39m[connector-server-1] handleMessage session id: 3, msg: {"id":1,"type":0,"compressRoute":0,"route":"connector.entryHandler.entry","body":"Hello pomelo","compressGzip":0}
[2018-05-24 20:57:38.734] [WARN] pomelo - [33m[/Users/z/Documents/pomelo/mango/test/game-server/node_modules/pomelo/lib/common/service/handlerService.js] [39mcould not find the method entry in handler: entryHandler
[2018-05-24 20:57:38.734] [ERROR] pomelo - [31m[/Users/z/Documents/pomelo/mango/test/game-server/node_modules/pomelo/lib/common/service/handlerService.js] [39m[handleManager]: fail to find handler for undefined
[2018-05-24 20:57:38.735] [DEBUG] pomelo - [36m[/Users/z/Documents/pomelo/mango/test/game-server/node_modules/pomelo/lib/server/server.js] [39mno default error handler to resolve unknown exception. Error: fail to find handler for undefined
    at Service.handle (/Users/z/Documents/pomelo/mango/test/game-server/node_modules/pomelo/lib/common/service/handlerService.js:35:30)
    at handle (/Users/z/Documents/pomelo/mango/test/game-server/node_modules/pomelo/lib/server/server.js:375:25)
    at next (/Users/z/Documents/pomelo/mango/test/game-server/node_modules/pomelo/lib/common/service/filterService.js:50:7)
    at Service.beforeFilter (/Users/z/Documents/pomelo/mango/test/game-server/node_modules/pomelo/lib/common/service/filterService.js:65:3)
    at beforeFilter (/Users/z/Documents/pomelo/mango/test/game-server/node_modules/pomelo/lib/server/server.js:242:8)
    at doHandle (/Users/z/Documents/pomelo/mango/test/game-server/node_modules/pomelo/lib/server/server.js:388:3)
    at dispatch (/Users/z/Documents/pomelo/mango/test/game-server/node_modules/pomelo/lib/server/server.js:107:7)
    at next (/Users/z/Documents/pomelo/mango/test/game-server/node_modules/pomelo/lib/common/service/filterService.js:50:7)
    at Service.beforeFilter (/Users/z/Documents/pomelo/mango/test/game-server/node_modules/pomelo/lib/common/service/filterService.js:65:3)
    at beforeFilter (/Users/z/Documents/pomelo/mango/test/game-server/node_modules/pomelo/lib/server/server.js:242:8)
[2018-05-24 20:57:38.735] [DEBUG] pomelo - [36m[/Users/z/Documents/pomelo/mango/test/game-server/node_modules/pomelo/lib/components/connector.js] [39m[connector-server-1] send message reqId: 1, route: connector.entryHandler.entry, msg: {"code":500}, receivers: [3], opts: {"type":"response","userOptions":{},"isResponse":true}
[2018-05-24 20:57:44.738] [INFO] pomelo - [32m[/Users/z/Documents/pomelo/mango/test/game-server/node_modules/pomelo/lib/connectors/commands/heartbeat.js] [39mclient 3 heartbeat timeout.
[2018-05-24 20:57:44.738] [DEBUG] pomelo - [36m[/Users/z/Documents/pomelo/mango/test/game-server/node_modules/pomelo/lib/common/service/sessionService.js] [39msession on [connector-server-1] is closed with session id: 3
[2018-05-24 20:58:33.268] [DEBUG] pomelo - [36m[/Users/z/Documents/pomelo/mango/test/game-server/node_modules/pomelo/lib/components/connector.js] [39m[connector-server-1] getSession session is created with session id: 4
[2018-05-24 20:59:14.095] [DEBUG] pomelo - [36m[/Users/z/Documents/pomelo/mango/test/game-server/node_modules/pomelo/lib/components/connector.js] [39m[connector-server-1] handleMessage session id: 4, msg: {"id":1,"type":0,"compressRoute":0,"route":"connector.entryHandler.entry","body":"Hello pomelo","compressGzip":0}
[2018-05-24 20:59:14.100] [WARN] pomelo - [33m[/Users/z/Documents/pomelo/mango/test/game-server/node_modules/pomelo/lib/common/service/handlerService.js] [39mcould not find the method entry in handler: entryHandler
[2018-05-24 20:59:14.100] [ERROR] pomelo - [31m[/Users/z/Documents/pomelo/mango/test/game-server/node_modules/pomelo/lib/common/service/handlerService.js] [39m[handleManager]: fail to find handler for undefined
[2018-05-24 20:59:14.101] [DEBUG] pomelo - [36m[/Users/z/Documents/pomelo/mango/test/game-server/node_modules/pomelo/lib/server/server.js] [39mno default error handler to resolve unknown exception. Error: fail to find handler for undefined
    at Service.handle (/Users/z/Documents/pomelo/mango/test/game-server/node_modules/pomelo/lib/common/service/handlerService.js:35:30)
    at handle (/Users/z/Documents/pomelo/mango/test/game-server/node_modules/pomelo/lib/server/server.js:375:25)
    at next (/Users/z/Documents/pomelo/mango/test/game-server/node_modules/pomelo/lib/common/service/filterService.js:50:7)
    at Service.beforeFilter (/Users/z/Documents/pomelo/mango/test/game-server/node_modules/pomelo/lib/common/service/filterService.js:65:3)
    at beforeFilter (/Users/z/Documents/pomelo/mango/test/game-server/node_modules/pomelo/lib/server/server.js:242:8)
    at doHandle (/Users/z/Documents/pomelo/mango/test/game-server/node_modules/pomelo/lib/server/server.js:388:3)
    at dispatch (/Users/z/Documents/pomelo/mango/test/game-server/node_modules/pomelo/lib/server/server.js:107:7)
    at next (/Users/z/Documents/pomelo/mango/test/game-server/node_modules/pomelo/lib/common/service/filterService.js:50:7)
    at Service.beforeFilter (/Users/z/Documents/pomelo/mango/test/game-server/node_modules/pomelo/lib/common/service/filterService.js:65:3)
    at beforeFilter (/Users/z/Documents/pomelo/mango/test/game-server/node_modules/pomelo/lib/server/server.js:242:8)
[2018-05-24 20:59:14.101] [DEBUG] pomelo - [36m[/Users/z/Documents/pomelo/mango/test/game-server/node_modules/pomelo/lib/components/connector.js] [39m[connector-server-1] send message reqId: 1, route: connector.entryHandler.entry, msg: {"code":500}, receivers: [4], opts: {"type":"response","userOptions":{},"isResponse":true}
[2018-05-24 20:59:20.104] [INFO] pomelo - [32m[/Users/z/Documents/pomelo/mango/test/game-server/node_modules/pomelo/lib/connectors/commands/heartbeat.js] [39mclient 4 heartbeat timeout.
[2018-05-24 20:59:20.105] [DEBUG] pomelo - [36m[/Users/z/Documents/pomelo/mango/test/game-server/node_modules/pomelo/lib/common/service/sessionService.js] [39msession on [connector-server-1] is closed with session id: 4
[2018-05-25 09:20:09.199] [DEBUG] pomelo - [36m[/Users/z/Documents/pomelo/mango/test/game-server/node_modules/pomelo/lib/components/connector.js] [39m[connector-server-1] getSession session is created with session id: 5
[2018-05-25 09:20:09.223] [DEBUG] pomelo - [36m[/Users/z/Documents/pomelo/mango/test/game-server/node_modules/pomelo/lib/components/connector.js] [39m[connector-server-1] handleMessage session id: 5, msg: {"id":1,"type":0,"compressRoute":0,"route":"connector.entryHandler.entry","body":"Hello pomelo","compressGzip":0}
[2018-05-25 09:20:09.224] [WARN] pomelo - [33m[/Users/z/Documents/pomelo/mango/test/game-server/node_modules/pomelo/lib/common/service/handlerService.js] [39mcould not find the method entry in handler: entryHandler
[2018-05-25 09:20:09.227] [ERROR] pomelo - [31m[/Users/z/Documents/pomelo/mango/test/game-server/node_modules/pomelo/lib/common/service/handlerService.js] [39m[handleManager]: fail to find handler for undefined
[2018-05-25 09:20:09.228] [DEBUG] pomelo - [36m[/Users/z/Documents/pomelo/mango/test/game-server/node_modules/pomelo/lib/server/server.js] [39mno default error handler to resolve unknown exception. Error: fail to find handler for undefined
    at Service.handle (/Users/z/Documents/pomelo/mango/test/game-server/node_modules/pomelo/lib/common/service/handlerService.js:35:30)
    at handle (/Users/z/Documents/pomelo/mango/test/game-server/node_modules/pomelo/lib/server/server.js:375:25)
    at next (/Users/z/Documents/pomelo/mango/test/game-server/node_modules/pomelo/lib/common/service/filterService.js:50:7)
    at Service.beforeFilter (/Users/z/Documents/pomelo/mango/test/game-server/node_modules/pomelo/lib/common/service/filterService.js:65:3)
    at beforeFilter (/Users/z/Documents/pomelo/mango/test/game-server/node_modules/pomelo/lib/server/server.js:242:8)
    at doHandle (/Users/z/Documents/pomelo/mango/test/game-server/node_modules/pomelo/lib/server/server.js:388:3)
    at dispatch (/Users/z/Documents/pomelo/mango/test/game-server/node_modules/pomelo/lib/server/server.js:107:7)
    at next (/Users/z/Documents/pomelo/mango/test/game-server/node_modules/pomelo/lib/common/service/filterService.js:50:7)
    at Service.beforeFilter (/Users/z/Documents/pomelo/mango/test/game-server/node_modules/pomelo/lib/common/service/filterService.js:65:3)
    at beforeFilter (/Users/z/Documents/pomelo/mango/test/game-server/node_modules/pomelo/lib/server/server.js:242:8)
[2018-05-25 09:20:09.230] [DEBUG] pomelo - [36m[/Users/z/Documents/pomelo/mango/test/game-server/node_modules/pomelo/lib/components/connector.js] [39m[connector-server-1] send message reqId: 1, route: connector.entryHandler.entry, msg: {"code":500}, receivers: [5], opts: {"type":"response","userOptions":{},"isResponse":true}
[2018-05-25 09:20:15.224] [INFO] pomelo - [32m[/Users/z/Documents/pomelo/mango/test/game-server/node_modules/pomelo/lib/connectors/commands/heartbeat.js] [39mclient 5 heartbeat timeout.
[2018-05-25 09:20:15.225] [DEBUG] pomelo - [36m[/Users/z/Documents/pomelo/mango/test/game-server/node_modules/pomelo/lib/common/service/sessionService.js] [39msession on [connector-server-1] is closed with session id: 5
[2018-05-25 09:30:44.324] [WARN] pomelo - [33m[/Users/z/Documents/pomelo/mango/test/game-server/node_modules/pomelo/lib/connectors/hybrid/switcher.js] [39mconnection is timeout without communication, the remote ip is ::ffff:192.168.0.151 && port is 51742
[2018-05-25 09:32:44.335] [WARN] pomelo - [33m[/Users/z/Documents/pomelo/mango/test/game-server/node_modules/pomelo/lib/connectors/hybrid/switcher.js] [39mconnection is timeout without communication, the remote ip is ::ffff:192.168.0.151 && port is 51912
[2018-05-25 09:34:49.524] [WARN] pomelo - [33m[/Users/z/Documents/pomelo/mango/test/game-server/node_modules/pomelo/lib/connectors/hybrid/switcher.js] [39mconnection is timeout without communication, the remote ip is ::ffff:192.168.0.151 && port is 52582
[2018-05-25 09:41:29.279] [DEBUG] pomelo - [36m[/Users/z/Documents/pomelo/mango/test/game-server/node_modules/pomelo/lib/components/connector.js] [39m[connector-server-1] getSession session is created with session id: 6
[2018-05-25 09:41:29.285] [DEBUG] pomelo - [36m[/Users/z/Documents/pomelo/mango/test/game-server/node_modules/pomelo/lib/components/connector.js] [39m[connector-server-1] handleMessage session id: 6, msg: {"id":1,"type":0,"compressRoute":0,"route":"connector.entryHandler.entry","body":"Hello pomelo","compressGzip":0}
[2018-05-25 09:41:29.286] [WARN] pomelo - [33m[/Users/z/Documents/pomelo/mango/test/game-server/node_modules/pomelo/lib/common/service/handlerService.js] [39mcould not find the method entry in handler: entryHandler
[2018-05-25 09:41:29.286] [ERROR] pomelo - [31m[/Users/z/Documents/pomelo/mango/test/game-server/node_modules/pomelo/lib/common/service/handlerService.js] [39m[handleManager]: fail to find handler for undefined
[2018-05-25 09:41:29.286] [DEBUG] pomelo - [36m[/Users/z/Documents/pomelo/mango/test/game-server/node_modules/pomelo/lib/server/server.js] [39mno default error handler to resolve unknown exception. Error: fail to find handler for undefined
    at Service.handle (/Users/z/Documents/pomelo/mango/test/game-server/node_modules/pomelo/lib/common/service/handlerService.js:35:30)
    at handle (/Users/z/Documents/pomelo/mango/test/game-server/node_modules/pomelo/lib/server/server.js:375:25)
    at next (/Users/z/Documents/pomelo/mango/test/game-server/node_modules/pomelo/lib/common/service/filterService.js:50:7)
    at Service.beforeFilter (/Users/z/Documents/pomelo/mango/test/game-server/node_modules/pomelo/lib/common/service/filterService.js:65:3)
    at beforeFilter (/Users/z/Documents/pomelo/mango/test/game-server/node_modules/pomelo/lib/server/server.js:242:8)
    at doHandle (/Users/z/Documents/pomelo/mango/test/game-server/node_modules/pomelo/lib/server/server.js:388:3)
    at dispatch (/Users/z/Documents/pomelo/mango/test/game-server/node_modules/pomelo/lib/server/server.js:107:7)
    at next (/Users/z/Documents/pomelo/mango/test/game-server/node_modules/pomelo/lib/common/service/filterService.js:50:7)
    at Service.beforeFilter (/Users/z/Documents/pomelo/mango/test/game-server/node_modules/pomelo/lib/common/service/filterService.js:65:3)
    at beforeFilter (/Users/z/Documents/pomelo/mango/test/game-server/node_modules/pomelo/lib/server/server.js:242:8)
[2018-05-25 09:41:29.287] [DEBUG] pomelo - [36m[/Users/z/Documents/pomelo/mango/test/game-server/node_modules/pomelo/lib/components/connector.js] [39m[connector-server-1] send message reqId: 1, route: connector.entryHandler.entry, msg: {"code":500}, receivers: [6], opts: {"type":"response","userOptions":{},"isResponse":true}
[2018-05-25 09:41:35.290] [INFO] pomelo - [32m[/Users/z/Documents/pomelo/mango/test/game-server/node_modules/pomelo/lib/connectors/commands/heartbeat.js] [39mclient 6 heartbeat timeout.
[2018-05-25 09:41:35.291] [DEBUG] pomelo - [36m[/Users/z/Documents/pomelo/mango/test/game-server/node_modules/pomelo/lib/common/service/sessionService.js] [39msession on [connector-server-1] is closed with session id: 6
[2018-05-25 09:43:07.922] [WARN] pomelo - [33m[/Users/z/Documents/pomelo/mango/test/game-server/node_modules/pomelo/lib/connectors/hybrid/switcher.js] [39mconnection is timeout without communication, the remote ip is ::ffff:192.168.0.151 && port is 57204
[2018-05-25 09:47:34.246] [DEBUG] pomelo - [36m[/Users/z/Documents/pomelo/mango/test/game-server/node_modules/pomelo/lib/components/connector.js] [39m[connector-server-1] getSession session is created with session id: 7
[2018-05-25 09:47:34.328] [DEBUG] pomelo - [36m[/Users/z/Documents/pomelo/mango/test/game-server/node_modules/pomelo/lib/components/connector.js] [39m[connector-server-1] handleMessage session id: 7, msg: {"id":1,"type":0,"compressRoute":0,"route":"connector.entryHandler.entry","body":"Hello pomelo","compressGzip":0}
[2018-05-25 09:47:34.328] [WARN] pomelo - [33m[/Users/z/Documents/pomelo/mango/test/game-server/node_modules/pomelo/lib/common/service/handlerService.js] [39mcould not find the method entry in handler: entryHandler
[2018-05-25 09:47:34.329] [ERROR] pomelo - [31m[/Users/z/Documents/pomelo/mango/test/game-server/node_modules/pomelo/lib/common/service/handlerService.js] [39m[handleManager]: fail to find handler for undefined
[2018-05-25 09:47:34.329] [DEBUG] pomelo - [36m[/Users/z/Documents/pomelo/mango/test/game-server/node_modules/pomelo/lib/server/server.js] [39mno default error handler to resolve unknown exception. Error: fail to find handler for undefined
    at Service.handle (/Users/z/Documents/pomelo/mango/test/game-server/node_modules/pomelo/lib/common/service/handlerService.js:35:30)
    at handle (/Users/z/Documents/pomelo/mango/test/game-server/node_modules/pomelo/lib/server/server.js:375:25)
    at next (/Users/z/Documents/pomelo/mango/test/game-server/node_modules/pomelo/lib/common/service/filterService.js:50:7)
    at Service.beforeFilter (/Users/z/Documents/pomelo/mango/test/game-server/node_modules/pomelo/lib/common/service/filterService.js:65:3)
    at beforeFilter (/Users/z/Documents/pomelo/mango/test/game-server/node_modules/pomelo/lib/server/server.js:242:8)
    at doHandle (/Users/z/Documents/pomelo/mango/test/game-server/node_modules/pomelo/lib/server/server.js:388:3)
    at dispatch (/Users/z/Documents/pomelo/mango/test/game-server/node_modules/pomelo/lib/server/server.js:107:7)
    at next (/Users/z/Documents/pomelo/mango/test/game-server/node_modules/pomelo/lib/common/service/filterService.js:50:7)
    at Service.beforeFilter (/Users/z/Documents/pomelo/mango/test/game-server/node_modules/pomelo/lib/common/service/filterService.js:65:3)
    at beforeFilter (/Users/z/Documents/pomelo/mango/test/game-server/node_modules/pomelo/lib/server/server.js:242:8)
[2018-05-25 09:47:34.330] [DEBUG] pomelo - [36m[/Users/z/Documents/pomelo/mango/test/game-server/node_modules/pomelo/lib/components/connector.js] [39m[connector-server-1] send message reqId: 1, route: connector.entryHandler.entry, msg: {"code":500}, receivers: [7], opts: {"type":"response","userOptions":{},"isResponse":true}
[2018-05-25 09:48:13.811] [DEBUG] pomelo - [36m[/Users/z/Documents/pomelo/mango/test/game-server/node_modules/pomelo/lib/common/service/sessionService.js] [39msession on [connector-server-1] is closed with session id: 7
