[2018-06-01 17:40:22.741] [ERROR] pomelo-rpc - [31m[mqtt-acceptor] [39mprocess rpc message error TypeError: player is not a constructor
    at Object.fightManger.beginFight (/Users/z/Documents/pomelo/mango/test/game-server/app/services/fightManger.js:23:18)
    at Handler.handler.beginFight (/Users/z/Documents/pomelo/mango/test/game-server/app/servers/fight/handler/fightHandler.js:26:27)
    at Service.handle (/Users/z/Documents/pomelo/mango/test/game-server/node_modules/pomelo/lib/common/service/handlerService.js:59:20)
    at handle (/Users/z/Documents/pomelo/mango/test/game-server/node_modules/pomelo/lib/server/server.js:375:25)
    at next (/Users/z/Documents/pomelo/mango/test/game-server/node_modules/pomelo/lib/common/service/filterService.js:50:7)
    at Service.beforeFilter (/Users/z/Documents/pomelo/mango/test/game-server/node_modules/pomelo/lib/common/service/filterService.js:65:3)
    at beforeFilter (/Users/z/Documents/pomelo/mango/test/game-server/node_modules/pomelo/lib/server/server.js:242:8)
    at doHandle (/Users/z/Documents/pomelo/mango/test/game-server/node_modules/pomelo/lib/server/server.js:388:3)
    at Server.pro.handle (/Users/z/Documents/pomelo/mango/test/game-server/node_modules/pomelo/lib/server/server.js:125:3)
    at Component.pro.handle (/Users/z/Documents/pomelo/mango/test/game-server/node_modules/pomelo/lib/components/server.js:67:14)
[2018-06-01 19:27:51.906] [ERROR] pomelo-rpc - [31m[MailStation] [39m[pomelo-rpc] unknown server: 10001
[2018-06-01 19:27:51.907] [ERROR] pomelo-rpc - [31m[MailStation] [39m[pomelo-rpc] fail to find remote server:10001
[2018-06-01 19:27:51.907] [ERROR] pomelo-rpc - [31m[failprocess] [39mrpc failed with error, remote server: 10001, msg: {"namespace":"sys","service":"channelRemote","method":"pushMessage","args":["OnFreshPile",{"cards":0,"discardCards":1,"ExhaustedCards":1},[null],{"type":"push","userOptions":{},"isPush":true}]}, error code: 2
[2018-06-01 19:36:20.785] [ERROR] pomelo-rpc - [31m[mqtt-acceptor] [39mprocess rpc message error TypeError: Cannot read property 'getServerId' of undefined
    at Object.fightManger.beginFight (/Users/z/Documents/pomelo/mango/test/game-server/app/services/fightManger.js:39:38)
    at Handler.handler.beginFight (/Users/z/Documents/pomelo/mango/test/game-server/app/servers/fight/handler/fightHandler.js:26:27)
    at Service.handle (/Users/z/Documents/pomelo/mango/test/game-server/node_modules/pomelo/lib/common/service/handlerService.js:59:20)
    at handle (/Users/z/Documents/pomelo/mango/test/game-server/node_modules/pomelo/lib/server/server.js:375:25)
    at next (/Users/z/Documents/pomelo/mango/test/game-server/node_modules/pomelo/lib/common/service/filterService.js:50:7)
    at Service.beforeFilter (/Users/z/Documents/pomelo/mango/test/game-server/node_modules/pomelo/lib/common/service/filterService.js:65:3)
    at beforeFilter (/Users/z/Documents/pomelo/mango/test/game-server/node_modules/pomelo/lib/server/server.js:242:8)
    at doHandle (/Users/z/Documents/pomelo/mango/test/game-server/node_modules/pomelo/lib/server/server.js:388:3)
    at Server.pro.handle (/Users/z/Documents/pomelo/mango/test/game-server/node_modules/pomelo/lib/server/server.js:125:3)
    at Component.pro.handle (/Users/z/Documents/pomelo/mango/test/game-server/node_modules/pomelo/lib/components/server.js:67:14)
[2018-06-02 10:06:13.061] [ERROR] pomelo-rpc - [31m[mqtt-acceptor] [39mprocess rpc message error TypeError: Cannot read property 'uid' of undefined
    at ChannelService.pushMessageByUids (/Users/z/Documents/pomelo/mango/test/game-server/node_modules/pomelo/lib/common/service/channelService.js:118:16)
    at Object.ms.pushMessageByUids (/Users/z/Documents/pomelo/mango/test/game-server/app/services/messageService.js:7:38)
    at Object.ms.pushMessageToPlayer (/Users/z/Documents/pomelo/mango/test/game-server/app/services/messageService.js:11:8)
    at Object.fightManger.beginFight (/Users/z/Documents/pomelo/mango/test/game-server/app/services/fightManger.js:44:24)
    at Handler.handler.beginFight (/Users/z/Documents/pomelo/mango/test/game-server/app/servers/fight/handler/fightHandler.js:26:27)
    at Service.handle (/Users/z/Documents/pomelo/mango/test/game-server/node_modules/pomelo/lib/common/service/handlerService.js:59:20)
    at handle (/Users/z/Documents/pomelo/mango/test/game-server/node_modules/pomelo/lib/server/server.js:375:25)
    at next (/Users/z/Documents/pomelo/mango/test/game-server/node_modules/pomelo/lib/common/service/filterService.js:50:7)
    at Service.beforeFilter (/Users/z/Documents/pomelo/mango/test/game-server/node_modules/pomelo/lib/common/service/filterService.js:65:3)
    at beforeFilter (/Users/z/Documents/pomelo/mango/test/game-server/node_modules/pomelo/lib/server/server.js:242:8)
[2018-06-02 10:17:05.333] [ERROR] pomelo-rpc - [31m[mqtt-acceptor] [39mprocess rpc message error TypeError: Cannot read property 'uid' of undefined
    at ChannelService.pushMessageByUids (/Users/z/Documents/pomelo/mango/test/game-server/node_modules/pomelo/lib/common/service/channelService.js:118:16)
    at Object.ms.pushMessageByUids (/Users/z/Documents/pomelo/mango/test/game-server/app/services/messageService.js:7:38)
    at Object.ms.pushMessageToPlayer (/Users/z/Documents/pomelo/mango/test/game-server/app/services/messageService.js:11:8)
    at Object.fightManger.beginFight (/Users/z/Documents/pomelo/mango/test/game-server/app/services/fightManger.js:44:24)
    at Handler.handler.beginFight (/Users/z/Documents/pomelo/mango/test/game-server/app/servers/fight/handler/fightHandler.js:26:27)
    at Service.handle (/Users/z/Documents/pomelo/mango/test/game-server/node_modules/pomelo/lib/common/service/handlerService.js:59:20)
    at handle (/Users/z/Documents/pomelo/mango/test/game-server/node_modules/pomelo/lib/server/server.js:375:25)
    at next (/Users/z/Documents/pomelo/mango/test/game-server/node_modules/pomelo/lib/common/service/filterService.js:50:7)
    at Service.beforeFilter (/Users/z/Documents/pomelo/mango/test/game-server/node_modules/pomelo/lib/common/service/filterService.js:65:3)
    at beforeFilter (/Users/z/Documents/pomelo/mango/test/game-server/node_modules/pomelo/lib/server/server.js:242:8)
[2018-06-02 10:37:40.770] [ERROR] pomelo-rpc - [31m[mqtt-acceptor] [39mprocess rpc message error TypeError: Cannot read property 'uid' of undefined
    at ChannelService.pushMessageByUids (/Users/z/Documents/pomelo/mango/test/game-server/node_modules/pomelo/lib/common/service/channelService.js:118:16)
    at Object.ms.pushMessageByUids (/Users/z/Documents/pomelo/mango/test/game-server/app/services/messageService.js:7:38)
    at Object.ms.pushMessageToPlayer (/Users/z/Documents/pomelo/mango/test/game-server/app/services/messageService.js:11:8)
    at Object.fightManger.beginFight (/Users/z/Documents/pomelo/mango/test/game-server/app/services/fightManger.js:44:24)
    at Handler.handler.beginFight (/Users/z/Documents/pomelo/mango/test/game-server/app/servers/fight/handler/fightHandler.js:26:27)
    at Service.handle (/Users/z/Documents/pomelo/mango/test/game-server/node_modules/pomelo/lib/common/service/handlerService.js:59:20)
    at handle (/Users/z/Documents/pomelo/mango/test/game-server/node_modules/pomelo/lib/server/server.js:375:25)
    at next (/Users/z/Documents/pomelo/mango/test/game-server/node_modules/pomelo/lib/common/service/filterService.js:50:7)
    at Service.beforeFilter (/Users/z/Documents/pomelo/mango/test/game-server/node_modules/pomelo/lib/common/service/filterService.js:65:3)
    at beforeFilter (/Users/z/Documents/pomelo/mango/test/game-server/node_modules/pomelo/lib/server/server.js:242:8)
[2018-06-02 11:20:45.028] [ERROR] pomelo-rpc - [31m[mqtt-acceptor] [39mprocess rpc message error ReferenceError: err is not defined
    at Object.fightManger.beginFight (/Users/z/Documents/pomelo/mango/test/game-server/app/services/fightManger.js:52:49)
    at Handler.handler.beginFight (/Users/z/Documents/pomelo/mango/test/game-server/app/servers/fight/handler/fightHandler.js:26:27)
    at Service.handle (/Users/z/Documents/pomelo/mango/test/game-server/node_modules/pomelo/lib/common/service/handlerService.js:59:20)
    at handle (/Users/z/Documents/pomelo/mango/test/game-server/node_modules/pomelo/lib/server/server.js:375:25)
    at next (/Users/z/Documents/pomelo/mango/test/game-server/node_modules/pomelo/lib/common/service/filterService.js:50:7)
    at Service.beforeFilter (/Users/z/Documents/pomelo/mango/test/game-server/node_modules/pomelo/lib/common/service/filterService.js:65:3)
    at beforeFilter (/Users/z/Documents/pomelo/mango/test/game-server/node_modules/pomelo/lib/server/server.js:242:8)
    at doHandle (/Users/z/Documents/pomelo/mango/test/game-server/node_modules/pomelo/lib/server/server.js:388:3)
    at Server.pro.handle (/Users/z/Documents/pomelo/mango/test/game-server/node_modules/pomelo/lib/server/server.js:125:3)
    at Component.pro.handle (/Users/z/Documents/pomelo/mango/test/game-server/node_modules/pomelo/lib/components/server.js:67:14)
