[2018-06-01 17:49:51.003] [ERROR] pomelo-rpc - [31m[mqtt-acceptor] [39mprocess rpc message error ReferenceError: err is not defined
    at Object.fightManger.beginFight (/Users/z/Documents/pomelo/mango/test/game-server/app/services/fightManger.js:42:49)
    at Handler.handler.beginFight (/Users/z/Documents/pomelo/mango/test/game-server/app/servers/fight/handler/fightHandler.js:26:27)
    at Service.handle (/Users/z/Documents/pomelo/mango/test/game-server/node_modules/pomelo/lib/common/service/handlerService.js:59:20)
    at handle (/Users/z/Documents/pomelo/mango/test/game-server/node_modules/pomelo/lib/server/server.js:375:25)
    at next (/Users/z/Documents/pomelo/mango/test/game-server/node_modules/pomelo/lib/common/service/filterService.js:50:7)
    at Service.beforeFilter (/Users/z/Documents/pomelo/mango/test/game-server/node_modules/pomelo/lib/common/service/filterService.js:65:3)
    at beforeFilter (/Users/z/Documents/pomelo/mango/test/game-server/node_modules/pomelo/lib/server/server.js:242:8)
    at doHandle (/Users/z/Documents/pomelo/mango/test/game-server/node_modules/pomelo/lib/server/server.js:388:3)
    at Server.pro.handle (/Users/z/Documents/pomelo/mango/test/game-server/node_modules/pomelo/lib/server/server.js:125:3)
    at Component.pro.handle (/Users/z/Documents/pomelo/mango/test/game-server/node_modules/pomelo/lib/components/server.js:67:14)
[2018-06-01 19:21:09.713] [ERROR] pomelo-rpc - [31m[mqtt-acceptor] [39mprocess rpc message error ReferenceError: roomid is not defined
    at Object.fightManger.beginFight (/Users/z/Documents/pomelo/mango/test/game-server/app/services/fightManger.js:37:51)
    at Handler.handler.beginFight (/Users/z/Documents/pomelo/mango/test/game-server/app/servers/fight/handler/fightHandler.js:26:27)
    at Service.handle (/Users/z/Documents/pomelo/mango/test/game-server/node_modules/pomelo/lib/common/service/handlerService.js:59:20)
    at handle (/Users/z/Documents/pomelo/mango/test/game-server/node_modules/pomelo/lib/server/server.js:375:25)
    at next (/Users/z/Documents/pomelo/mango/test/game-server/node_modules/pomelo/lib/common/service/filterService.js:50:7)
    at Service.beforeFilter (/Users/z/Documents/pomelo/mango/test/game-server/node_modules/pomelo/lib/common/service/filterService.js:65:3)
    at beforeFilter (/Users/z/Documents/pomelo/mango/test/game-server/node_modules/pomelo/lib/server/server.js:242:8)
    at doHandle (/Users/z/Documents/pomelo/mango/test/game-server/node_modules/pomelo/lib/server/server.js:388:3)
    at Server.pro.handle (/Users/z/Documents/pomelo/mango/test/game-server/node_modules/pomelo/lib/server/server.js:125:3)
    at Component.pro.handle (/Users/z/Documents/pomelo/mango/test/game-server/node_modules/pomelo/lib/components/server.js:67:14)
[2018-06-01 19:26:38.288] [ERROR] pomelo-rpc - [31m[MailStation] [39m[pomelo-rpc] unknown server: 10001
[2018-06-01 19:26:38.288] [ERROR] pomelo-rpc - [31m[MailStation] [39m[pomelo-rpc] fail to find remote server:10001
[2018-06-01 19:26:38.288] [ERROR] pomelo-rpc - [31m[failprocess] [39mrpc failed with error, remote server: 10001, msg: {"namespace":"sys","service":"channelRemote","method":"pushMessage","args":["OnFreshPile",{"cards":0,"discardCards":1,"ExhaustedCards":1},[null],{"type":"push","userOptions":{},"isPush":true}]}, error code: 2
[2018-06-01 19:40:05.464] [ERROR] pomelo-rpc - [31m[mqtt-acceptor] [39mprocess rpc message error TypeError: Cannot read property 'getByUid' of undefined
    at Remote.pushMessage (/Users/z/Documents/pomelo/mango/test/game-server/node_modules/pomelo/lib/common/remote/frontend/channelRemote.js:38:31)
    at /Users/z/Documents/pomelo/mango/test/game-server/node_modules/pomelo/lib/common/service/channelService.js:432:45
    at sendMessage (/Users/z/Documents/pomelo/mango/test/game-server/node_modules/pomelo/lib/common/service/channelService.js:437:7)
    at sendMessageByGroup (/Users/z/Documents/pomelo/mango/test/game-server/node_modules/pomelo/lib/common/service/channelService.js:444:7)
    at Channel.pushMessage (/Users/z/Documents/pomelo/mango/test/game-server/node_modules/pomelo/lib/common/service/channelService.js:331:3)
    at Object.fightManger.beginFight (/Users/z/Documents/pomelo/mango/test/game-server/app/services/fightManger.js:41:22)
    at Handler.handler.beginFight (/Users/z/Documents/pomelo/mango/test/game-server/app/servers/fight/handler/fightHandler.js:26:27)
    at Service.handle (/Users/z/Documents/pomelo/mango/test/game-server/node_modules/pomelo/lib/common/service/handlerService.js:59:20)
    at handle (/Users/z/Documents/pomelo/mango/test/game-server/node_modules/pomelo/lib/server/server.js:375:25)
    at next (/Users/z/Documents/pomelo/mango/test/game-server/node_modules/pomelo/lib/common/service/filterService.js:50:7)
[2018-06-01 20:18:47.864] [ERROR] pomelo-rpc - [31m[mqtt-acceptor] [39mprocess rpc message error TypeError: Cannot read property 'uid' of undefined
    at ChannelService.pushMessageByUids (/Users/z/Documents/pomelo/mango/test/game-server/node_modules/pomelo/lib/common/service/channelService.js:118:16)
    at Object.ms.pushMessageByUids (/Users/z/Documents/pomelo/mango/test/game-server/app/services/messageService.js:7:38)
    at Object.ms.pushMessageToPlayer (/Users/z/Documents/pomelo/mango/test/game-server/app/services/messageService.js:11:8)
    at Object.fightManger.beginFight (/Users/z/Documents/pomelo/mango/test/game-server/app/services/fightManger.js:44:24)
    at Handler.handler.beginFight (/Users/z/Documents/pomelo/mango/test/game-server/app/servers/fight/handler/fightHandler.js:26:27)
    at Service.handle (/Users/z/Documents/pomelo/mango/test/game-server/node_modules/pomelo/lib/common/service/handlerService.js:59:20)
    at handle (/Users/z/Documents/pomelo/mango/test/game-server/node_modules/pomelo/lib/server/server.js:375:25)
    at next (/Users/z/Documents/pomelo/mango/test/game-server/node_modules/pomelo/lib/common/service/filterService.js:50:7)
    at Service.beforeFilter (/Users/z/Documents/pomelo/mango/test/game-server/node_modules/pomelo/lib/common/service/filterService.js:65:3)
    at beforeFilter (/Users/z/Documents/pomelo/mango/test/game-server/node_modules/pomelo/lib/server/server.js:242:8)
[2018-06-01 20:36:52.739] [ERROR] pomelo-rpc - [31m[mqtt-acceptor] [39mprocess rpc message error TypeError: Cannot read property 'uid' of undefined
    at ChannelService.pushMessageByUids (/Users/z/Documents/pomelo/mango/test/game-server/node_modules/pomelo/lib/common/service/channelService.js:118:16)
    at Object.ms.pushMessageByUids (/Users/z/Documents/pomelo/mango/test/game-server/app/services/messageService.js:7:38)
    at Object.ms.pushMessageToPlayer (/Users/z/Documents/pomelo/mango/test/game-server/app/services/messageService.js:11:8)
    at Object.fightManger.beginFight (/Users/z/Documents/pomelo/mango/test/game-server/app/services/fightManger.js:44:24)
    at Handler.handler.beginFight (/Users/z/Documents/pomelo/mango/test/game-server/app/servers/fight/handler/fightHandler.js:26:27)
    at Service.handle (/Users/z/Documents/pomelo/mango/test/game-server/node_modules/pomelo/lib/common/service/handlerService.js:59:20)
    at handle (/Users/z/Documents/pomelo/mango/test/game-server/node_modules/pomelo/lib/server/server.js:375:25)
    at next (/Users/z/Documents/pomelo/mango/test/game-server/node_modules/pomelo/lib/common/service/filterService.js:50:7)
    at Service.beforeFilter (/Users/z/Documents/pomelo/mango/test/game-server/node_modules/pomelo/lib/common/service/filterService.js:65:3)
    at beforeFilter (/Users/z/Documents/pomelo/mango/test/game-server/node_modules/pomelo/lib/server/server.js:242:8)
[2018-06-02 10:40:11.212] [ERROR] pomelo-rpc - [31m[mqtt-acceptor] [39mprocess rpc message error TypeError: Cannot read property 'uid' of undefined
    at ChannelService.pushMessageByUids (/Users/z/Documents/pomelo/mango/test/game-server/node_modules/pomelo/lib/common/service/channelService.js:118:16)
    at Object.ms.pushMessageByUids (/Users/z/Documents/pomelo/mango/test/game-server/app/services/messageService.js:7:38)
    at Object.ms.pushMessageToPlayer (/Users/z/Documents/pomelo/mango/test/game-server/app/services/messageService.js:11:8)
    at Object.fightManger.beginFight (/Users/z/Documents/pomelo/mango/test/game-server/app/services/fightManger.js:47:24)
    at Handler.handler.beginFight (/Users/z/Documents/pomelo/mango/test/game-server/app/servers/fight/handler/fightHandler.js:26:27)
    at Service.handle (/Users/z/Documents/pomelo/mango/test/game-server/node_modules/pomelo/lib/common/service/handlerService.js:59:20)
    at handle (/Users/z/Documents/pomelo/mango/test/game-server/node_modules/pomelo/lib/server/server.js:375:25)
    at next (/Users/z/Documents/pomelo/mango/test/game-server/node_modules/pomelo/lib/common/service/filterService.js:50:7)
    at Service.beforeFilter (/Users/z/Documents/pomelo/mango/test/game-server/node_modules/pomelo/lib/common/service/filterService.js:65:3)
    at beforeFilter (/Users/z/Documents/pomelo/mango/test/game-server/node_modules/pomelo/lib/server/server.js:242:8)
[2018-06-02 10:42:46.867] [ERROR] pomelo-rpc - [31m[mqtt-acceptor] [39mprocess rpc message error TypeError: Cannot read property 'uid' of undefined
    at ChannelService.pushMessageByUids (/Users/z/Documents/pomelo/mango/test/game-server/node_modules/pomelo/lib/common/service/channelService.js:118:16)
    at Object.ms.pushMessageByUids (/Users/z/Documents/pomelo/mango/test/game-server/app/services/messageService.js:7:38)
    at Object.ms.pushMessageToPlayer (/Users/z/Documents/pomelo/mango/test/game-server/app/services/messageService.js:11:8)
    at Object.fightManger.beginFight (/Users/z/Documents/pomelo/mango/test/game-server/app/services/fightManger.js:47:24)
    at Handler.handler.beginFight (/Users/z/Documents/pomelo/mango/test/game-server/app/servers/fight/handler/fightHandler.js:26:27)
    at Service.handle (/Users/z/Documents/pomelo/mango/test/game-server/node_modules/pomelo/lib/common/service/handlerService.js:59:20)
    at handle (/Users/z/Documents/pomelo/mango/test/game-server/node_modules/pomelo/lib/server/server.js:375:25)
    at next (/Users/z/Documents/pomelo/mango/test/game-server/node_modules/pomelo/lib/common/service/filterService.js:50:7)
    at Service.beforeFilter (/Users/z/Documents/pomelo/mango/test/game-server/node_modules/pomelo/lib/common/service/filterService.js:65:3)
    at beforeFilter (/Users/z/Documents/pomelo/mango/test/game-server/node_modules/pomelo/lib/server/server.js:242:8)
[2018-06-02 10:45:42.415] [ERROR] pomelo-rpc - [31m[mqtt-acceptor] [39mprocess rpc message error TypeError: Cannot read property 'uid' of undefined
    at ChannelService.pushMessageByUids (/Users/z/Documents/pomelo/mango/test/game-server/node_modules/pomelo/lib/common/service/channelService.js:118:16)
    at Object.ms.pushMessageByUids (/Users/z/Documents/pomelo/mango/test/game-server/app/services/messageService.js:7:38)
    at Object.ms.pushMessageToPlayer (/Users/z/Documents/pomelo/mango/test/game-server/app/services/messageService.js:11:8)
    at Object.fightManger.beginFight (/Users/z/Documents/pomelo/mango/test/game-server/app/services/fightManger.js:50:24)
    at Handler.handler.beginFight (/Users/z/Documents/pomelo/mango/test/game-server/app/servers/fight/handler/fightHandler.js:26:27)
    at Service.handle (/Users/z/Documents/pomelo/mango/test/game-server/node_modules/pomelo/lib/common/service/handlerService.js:59:20)
    at handle (/Users/z/Documents/pomelo/mango/test/game-server/node_modules/pomelo/lib/server/server.js:375:25)
    at next (/Users/z/Documents/pomelo/mango/test/game-server/node_modules/pomelo/lib/common/service/filterService.js:50:7)
    at Service.beforeFilter (/Users/z/Documents/pomelo/mango/test/game-server/node_modules/pomelo/lib/common/service/filterService.js:65:3)
    at beforeFilter (/Users/z/Documents/pomelo/mango/test/game-server/node_modules/pomelo/lib/server/server.js:242:8)
[2018-06-02 10:47:52.789] [ERROR] pomelo-rpc - [31m[mqtt-acceptor] [39mprocess rpc message error TypeError: Cannot read property 'uid' of undefined
    at ChannelService.pushMessageByUids (/Users/z/Documents/pomelo/mango/test/game-server/node_modules/pomelo/lib/common/service/channelService.js:118:16)
    at Object.ms.pushMessageByUids (/Users/z/Documents/pomelo/mango/test/game-server/app/services/messageService.js:7:38)
    at Object.ms.pushMessageToPlayer (/Users/z/Documents/pomelo/mango/test/game-server/app/services/messageService.js:11:8)
    at Object.fightManger.beginFight (/Users/z/Documents/pomelo/mango/test/game-server/app/services/fightManger.js:50:24)
    at Handler.handler.beginFight (/Users/z/Documents/pomelo/mango/test/game-server/app/servers/fight/handler/fightHandler.js:26:27)
    at Service.handle (/Users/z/Documents/pomelo/mango/test/game-server/node_modules/pomelo/lib/common/service/handlerService.js:59:20)
    at handle (/Users/z/Documents/pomelo/mango/test/game-server/node_modules/pomelo/lib/server/server.js:375:25)
    at next (/Users/z/Documents/pomelo/mango/test/game-server/node_modules/pomelo/lib/common/service/filterService.js:50:7)
    at Service.beforeFilter (/Users/z/Documents/pomelo/mango/test/game-server/node_modules/pomelo/lib/common/service/filterService.js:65:3)
    at beforeFilter (/Users/z/Documents/pomelo/mango/test/game-server/node_modules/pomelo/lib/server/server.js:242:8)
[2018-06-02 10:49:17.414] [ERROR] pomelo-rpc - [31m[mqtt-acceptor] [39mprocess rpc message error TypeError: Cannot read property 'pushMessage' of undefined
    at FightRemote.kick (/Users/z/Documents/pomelo/mango/test/game-server/app/servers/fight/remote/fightRemote.js:77:10)
    at Dispatcher.pro.route (/Users/z/Documents/pomelo/mango/test/game-server/node_modules/pomelo-rpc/lib/rpc-server/dispatcher.js:52:10)
    at Acceptor.cb (/Users/z/Documents/pomelo/mango/test/game-server/node_modules/pomelo-rpc/lib/rpc-server/gateway.js:22:16)
    at processMsg (/Users/z/Documents/pomelo/mango/test/game-server/node_modules/pomelo-rpc/lib/rpc-server/acceptors/mqtt-acceptor.js:138:12)
    at Connection.<anonymous> (/Users/z/Documents/pomelo/mango/test/game-server/node_modules/pomelo-rpc/lib/rpc-server/acceptors/mqtt-acceptor.js:62:11)
    at emitOne (events.js:116:13)
    at Connection.emit (events.js:211:7)
    at Connection.emitPacket (/Users/z/Documents/pomelo/mango/test/game-server/node_modules/mqtt-connection/connection.js:14:8)
    at emitOne (events.js:116:13)
    at Connection.emit (events.js:211:7)
[2018-06-02 10:51:49.413] [ERROR] pomelo-rpc - [31m[mqtt-acceptor] [39mprocess rpc message error TypeError: Cannot read property 'uid' of undefined
    at ChannelService.pushMessageByUids (/Users/z/Documents/pomelo/mango/test/game-server/node_modules/pomelo/lib/common/service/channelService.js:118:16)
    at Object.ms.pushMessageByUids (/Users/z/Documents/pomelo/mango/test/game-server/app/services/messageService.js:7:38)
    at Object.ms.pushMessageToPlayer (/Users/z/Documents/pomelo/mango/test/game-server/app/services/messageService.js:11:8)
    at Object.fightManger.beginFight (/Users/z/Documents/pomelo/mango/test/game-server/app/services/fightManger.js:51:24)
    at Handler.handler.beginFight (/Users/z/Documents/pomelo/mango/test/game-server/app/servers/fight/handler/fightHandler.js:26:27)
    at Service.handle (/Users/z/Documents/pomelo/mango/test/game-server/node_modules/pomelo/lib/common/service/handlerService.js:59:20)
    at handle (/Users/z/Documents/pomelo/mango/test/game-server/node_modules/pomelo/lib/server/server.js:375:25)
    at next (/Users/z/Documents/pomelo/mango/test/game-server/node_modules/pomelo/lib/common/service/filterService.js:50:7)
    at Service.beforeFilter (/Users/z/Documents/pomelo/mango/test/game-server/node_modules/pomelo/lib/common/service/filterService.js:65:3)
    at beforeFilter (/Users/z/Documents/pomelo/mango/test/game-server/node_modules/pomelo/lib/server/server.js:242:8)
[2018-06-02 10:52:58.981] [ERROR] pomelo-rpc - [31m[mqtt-acceptor] [39mprocess rpc message error TypeError: Cannot read property 'pushMessage' of undefined
    at FightRemote.kick (/Users/z/Documents/pomelo/mango/test/game-server/app/servers/fight/remote/fightRemote.js:77:10)
    at Dispatcher.pro.route (/Users/z/Documents/pomelo/mango/test/game-server/node_modules/pomelo-rpc/lib/rpc-server/dispatcher.js:52:10)
    at Acceptor.cb (/Users/z/Documents/pomelo/mango/test/game-server/node_modules/pomelo-rpc/lib/rpc-server/gateway.js:22:16)
    at processMsg (/Users/z/Documents/pomelo/mango/test/game-server/node_modules/pomelo-rpc/lib/rpc-server/acceptors/mqtt-acceptor.js:138:12)
    at Connection.<anonymous> (/Users/z/Documents/pomelo/mango/test/game-server/node_modules/pomelo-rpc/lib/rpc-server/acceptors/mqtt-acceptor.js:62:11)
    at emitOne (events.js:116:13)
    at Connection.emit (events.js:211:7)
    at Connection.emitPacket (/Users/z/Documents/pomelo/mango/test/game-server/node_modules/mqtt-connection/connection.js:14:8)
    at emitOne (events.js:116:13)
    at Connection.emit (events.js:211:7)
[2018-06-02 10:57:46.535] [ERROR] pomelo-rpc - [31m[mqtt-acceptor] [39mprocess rpc message error TypeError: Cannot read property 'pushMessage' of undefined
    at FightRemote.kick (/Users/z/Documents/pomelo/mango/test/game-server/app/servers/fight/remote/fightRemote.js:77:10)
    at Dispatcher.pro.route (/Users/z/Documents/pomelo/mango/test/game-server/node_modules/pomelo-rpc/lib/rpc-server/dispatcher.js:52:10)
    at Acceptor.cb (/Users/z/Documents/pomelo/mango/test/game-server/node_modules/pomelo-rpc/lib/rpc-server/gateway.js:22:16)
    at processMsg (/Users/z/Documents/pomelo/mango/test/game-server/node_modules/pomelo-rpc/lib/rpc-server/acceptors/mqtt-acceptor.js:138:12)
    at Connection.<anonymous> (/Users/z/Documents/pomelo/mango/test/game-server/node_modules/pomelo-rpc/lib/rpc-server/acceptors/mqtt-acceptor.js:62:11)
    at emitOne (events.js:116:13)
    at Connection.emit (events.js:211:7)
    at Connection.emitPacket (/Users/z/Documents/pomelo/mango/test/game-server/node_modules/mqtt-connection/connection.js:14:8)
    at emitOne (events.js:116:13)
    at Connection.emit (events.js:211:7)
[2018-06-02 10:59:06.902] [WARN] pomelo-rpc - [33m[mqtt-mailbox] [39mtimer is not exsits, serverId: fight-server-3 remote: 0, host: 127.0.0.1, port: 3150
[2018-06-02 10:59:06.938] [ERROR] pomelo-rpc - [31m[mqtt-acceptor] [39mprocess rpc message error TypeError: Cannot read property 'pushMessage' of undefined
    at FightRemote.kick (/Users/z/Documents/pomelo/mango/test/game-server/app/servers/fight/remote/fightRemote.js:77:10)
    at Dispatcher.pro.route (/Users/z/Documents/pomelo/mango/test/game-server/node_modules/pomelo-rpc/lib/rpc-server/dispatcher.js:52:10)
    at Acceptor.cb (/Users/z/Documents/pomelo/mango/test/game-server/node_modules/pomelo-rpc/lib/rpc-server/gateway.js:22:16)
    at processMsg (/Users/z/Documents/pomelo/mango/test/game-server/node_modules/pomelo-rpc/lib/rpc-server/acceptors/mqtt-acceptor.js:138:12)
    at Connection.<anonymous> (/Users/z/Documents/pomelo/mango/test/game-server/node_modules/pomelo-rpc/lib/rpc-server/acceptors/mqtt-acceptor.js:62:11)
    at emitOne (events.js:116:13)
    at Connection.emit (events.js:211:7)
    at Connection.emitPacket (/Users/z/Documents/pomelo/mango/test/game-server/node_modules/mqtt-connection/connection.js:14:8)
    at emitOne (events.js:116:13)
    at Connection.emit (events.js:211:7)
[2018-06-02 11:03:18.125] [WARN] pomelo-rpc - [33m[mqtt-mailbox] [39mtimer is not exsits, serverId: fight-server-3 remote: 0, host: 127.0.0.1, port: 3151
[2018-06-02 11:25:58.378] [ERROR] pomelo-rpc - [31m[mqtt-acceptor] [39mprocess rpc message error ReferenceError: err is not defined
    at Object.fightManger.beginFight (/Users/z/Documents/pomelo/mango/test/game-server/app/services/fightManger.js:54:49)
    at Handler.handler.beginFight (/Users/z/Documents/pomelo/mango/test/game-server/app/servers/fight/handler/fightHandler.js:26:27)
    at Service.handle (/Users/z/Documents/pomelo/mango/test/game-server/node_modules/pomelo/lib/common/service/handlerService.js:59:20)
    at handle (/Users/z/Documents/pomelo/mango/test/game-server/node_modules/pomelo/lib/server/server.js:375:25)
    at next (/Users/z/Documents/pomelo/mango/test/game-server/node_modules/pomelo/lib/common/service/filterService.js:50:7)
    at Service.beforeFilter (/Users/z/Documents/pomelo/mango/test/game-server/node_modules/pomelo/lib/common/service/filterService.js:65:3)
    at beforeFilter (/Users/z/Documents/pomelo/mango/test/game-server/node_modules/pomelo/lib/server/server.js:242:8)
    at doHandle (/Users/z/Documents/pomelo/mango/test/game-server/node_modules/pomelo/lib/server/server.js:388:3)
    at Server.pro.handle (/Users/z/Documents/pomelo/mango/test/game-server/node_modules/pomelo/lib/server/server.js:125:3)
    at Component.pro.handle (/Users/z/Documents/pomelo/mango/test/game-server/node_modules/pomelo/lib/components/server.js:67:14)
[2018-06-02 11:26:59.145] [ERROR] pomelo-rpc - [31m[mqtt-acceptor] [39mprocess rpc message error TypeError: Cannot read property 'get' of undefined
    at Object.fightManger.beginFight (/Users/z/Documents/pomelo/mango/test/game-server/app/services/fightManger.js:39:29)
    at Handler.handler.beginFight (/Users/z/Documents/pomelo/mango/test/game-server/app/servers/fight/handler/fightHandler.js:26:27)
    at Service.handle (/Users/z/Documents/pomelo/mango/test/game-server/node_modules/pomelo/lib/common/service/handlerService.js:59:20)
    at handle (/Users/z/Documents/pomelo/mango/test/game-server/node_modules/pomelo/lib/server/server.js:375:25)
    at next (/Users/z/Documents/pomelo/mango/test/game-server/node_modules/pomelo/lib/common/service/filterService.js:50:7)
    at Service.beforeFilter (/Users/z/Documents/pomelo/mango/test/game-server/node_modules/pomelo/lib/common/service/filterService.js:65:3)
    at beforeFilter (/Users/z/Documents/pomelo/mango/test/game-server/node_modules/pomelo/lib/server/server.js:242:8)
    at doHandle (/Users/z/Documents/pomelo/mango/test/game-server/node_modules/pomelo/lib/server/server.js:388:3)
    at Server.pro.handle (/Users/z/Documents/pomelo/mango/test/game-server/node_modules/pomelo/lib/server/server.js:125:3)
    at Component.pro.handle (/Users/z/Documents/pomelo/mango/test/game-server/node_modules/pomelo/lib/components/server.js:67:14)
[2018-06-02 11:29:41.567] [ERROR] pomelo-rpc - [31m[mqtt-acceptor] [39mprocess rpc message error TypeError: Cannot read property 'get' of undefined
    at Object.fightManger.beginFight (/Users/z/Documents/pomelo/mango/test/game-server/app/services/fightManger.js:39:29)
    at Handler.handler.beginFight (/Users/z/Documents/pomelo/mango/test/game-server/app/servers/fight/handler/fightHandler.js:26:27)
    at Service.handle (/Users/z/Documents/pomelo/mango/test/game-server/node_modules/pomelo/lib/common/service/handlerService.js:59:20)
    at handle (/Users/z/Documents/pomelo/mango/test/game-server/node_modules/pomelo/lib/server/server.js:375:25)
    at next (/Users/z/Documents/pomelo/mango/test/game-server/node_modules/pomelo/lib/common/service/filterService.js:50:7)
    at Service.beforeFilter (/Users/z/Documents/pomelo/mango/test/game-server/node_modules/pomelo/lib/common/service/filterService.js:65:3)
    at beforeFilter (/Users/z/Documents/pomelo/mango/test/game-server/node_modules/pomelo/lib/server/server.js:242:8)
    at doHandle (/Users/z/Documents/pomelo/mango/test/game-server/node_modules/pomelo/lib/server/server.js:388:3)
    at Server.pro.handle (/Users/z/Documents/pomelo/mango/test/game-server/node_modules/pomelo/lib/server/server.js:125:3)
    at Component.pro.handle (/Users/z/Documents/pomelo/mango/test/game-server/node_modules/pomelo/lib/components/server.js:67:14)
[2018-06-02 11:29:41.580] [WARN] pomelo-rpc - [33m[mqtt-mailbox] [39mtimer is not exsits, serverId: fight-server-3 remote: 0, host: 127.0.0.1, port: 3151
[2018-06-02 11:30:47.152] [WARN] pomelo-rpc - [33m[mqtt-mailbox] [39mtimer is not exsits, serverId: fight-server-3 remote: 1, host: 127.0.0.1, port: 3151
[2018-06-02 11:30:47.158] [ERROR] pomelo-rpc - [31m[mqtt-acceptor] [39mprocess rpc message error TypeError: Cannot read property 'get' of undefined
    at Object.fightManger.beginFight (/Users/z/Documents/pomelo/mango/test/game-server/app/services/fightManger.js:39:29)
    at Handler.handler.beginFight (/Users/z/Documents/pomelo/mango/test/game-server/app/servers/fight/handler/fightHandler.js:26:27)
    at Service.handle (/Users/z/Documents/pomelo/mango/test/game-server/node_modules/pomelo/lib/common/service/handlerService.js:59:20)
    at handle (/Users/z/Documents/pomelo/mango/test/game-server/node_modules/pomelo/lib/server/server.js:375:25)
    at next (/Users/z/Documents/pomelo/mango/test/game-server/node_modules/pomelo/lib/common/service/filterService.js:50:7)
    at Service.beforeFilter (/Users/z/Documents/pomelo/mango/test/game-server/node_modules/pomelo/lib/common/service/filterService.js:65:3)
    at beforeFilter (/Users/z/Documents/pomelo/mango/test/game-server/node_modules/pomelo/lib/server/server.js:242:8)
    at doHandle (/Users/z/Documents/pomelo/mango/test/game-server/node_modules/pomelo/lib/server/server.js:388:3)
    at Server.pro.handle (/Users/z/Documents/pomelo/mango/test/game-server/node_modules/pomelo/lib/server/server.js:125:3)
    at Component.pro.handle (/Users/z/Documents/pomelo/mango/test/game-server/node_modules/pomelo/lib/components/server.js:67:14)
[2018-06-02 11:31:01.372] [WARN] pomelo-rpc - [33m[mqtt-mailbox] [39mtimer is not exsits, serverId: fight-server-3 remote: 2, host: 127.0.0.1, port: 3151
[2018-06-02 11:31:01.377] [ERROR] pomelo-rpc - [31m[mqtt-acceptor] [39mprocess rpc message error TypeError: Cannot read property 'get' of undefined
    at Object.fightManger.beginFight (/Users/z/Documents/pomelo/mango/test/game-server/app/services/fightManger.js:39:29)
    at Handler.handler.beginFight (/Users/z/Documents/pomelo/mango/test/game-server/app/servers/fight/handler/fightHandler.js:26:27)
    at Service.handle (/Users/z/Documents/pomelo/mango/test/game-server/node_modules/pomelo/lib/common/service/handlerService.js:59:20)
    at handle (/Users/z/Documents/pomelo/mango/test/game-server/node_modules/pomelo/lib/server/server.js:375:25)
    at next (/Users/z/Documents/pomelo/mango/test/game-server/node_modules/pomelo/lib/common/service/filterService.js:50:7)
    at Service.beforeFilter (/Users/z/Documents/pomelo/mango/test/game-server/node_modules/pomelo/lib/common/service/filterService.js:65:3)
    at beforeFilter (/Users/z/Documents/pomelo/mango/test/game-server/node_modules/pomelo/lib/server/server.js:242:8)
    at doHandle (/Users/z/Documents/pomelo/mango/test/game-server/node_modules/pomelo/lib/server/server.js:388:3)
    at Server.pro.handle (/Users/z/Documents/pomelo/mango/test/game-server/node_modules/pomelo/lib/server/server.js:125:3)
    at Component.pro.handle (/Users/z/Documents/pomelo/mango/test/game-server/node_modules/pomelo/lib/components/server.js:67:14)
[2018-06-02 11:33:00.393] [WARN] pomelo-rpc - [33m[mqtt-mailbox] [39mtimer is not exsits, serverId: fight-server-3 remote: 3, host: 127.0.0.1, port: 3151
[2018-06-02 11:33:05.686] [ERROR] pomelo-rpc - [31m[mqtt-acceptor] [39mprocess rpc message error TypeError: Cannot read property 'get' of undefined
    at Object.fightManger.beginFight (/Users/z/Documents/pomelo/mango/test/game-server/app/services/fightManger.js:39:29)
    at Handler.handler.beginFight (/Users/z/Documents/pomelo/mango/test/game-server/app/servers/fight/handler/fightHandler.js:26:27)
    at Service.handle (/Users/z/Documents/pomelo/mango/test/game-server/node_modules/pomelo/lib/common/service/handlerService.js:59:20)
    at handle (/Users/z/Documents/pomelo/mango/test/game-server/node_modules/pomelo/lib/server/server.js:375:25)
    at next (/Users/z/Documents/pomelo/mango/test/game-server/node_modules/pomelo/lib/common/service/filterService.js:50:7)
    at Service.beforeFilter (/Users/z/Documents/pomelo/mango/test/game-server/node_modules/pomelo/lib/common/service/filterService.js:65:3)
    at beforeFilter (/Users/z/Documents/pomelo/mango/test/game-server/node_modules/pomelo/lib/server/server.js:242:8)
    at doHandle (/Users/z/Documents/pomelo/mango/test/game-server/node_modules/pomelo/lib/server/server.js:388:3)
    at Server.pro.handle (/Users/z/Documents/pomelo/mango/test/game-server/node_modules/pomelo/lib/server/server.js:125:3)
    at Component.pro.handle (/Users/z/Documents/pomelo/mango/test/game-server/node_modules/pomelo/lib/components/server.js:67:14)
[2018-06-02 11:37:02.217] [WARN] pomelo-rpc - [33m[mqtt-mailbox] [39mtimer is not exsits, serverId: fight-server-3 remote: 4, host: 127.0.0.1, port: 3151
[2018-06-02 14:47:51.095] [ERROR] pomelo-rpc - [31m[mqtt-acceptor] [39mprocess rpc message error ReferenceError: err is not defined
    at Object.fightManger.beginFight (/Users/z/Documents/pomelo/mango/test/game-server/app/services/fightManger.js:54:49)
    at Handler.handler.beginFight (/Users/z/Documents/pomelo/mango/test/game-server/app/servers/fight/handler/fightHandler.js:26:27)
    at Service.handle (/Users/z/Documents/pomelo/mango/test/game-server/node_modules/pomelo/lib/common/service/handlerService.js:59:20)
    at handle (/Users/z/Documents/pomelo/mango/test/game-server/node_modules/pomelo/lib/server/server.js:375:25)
    at next (/Users/z/Documents/pomelo/mango/test/game-server/node_modules/pomelo/lib/common/service/filterService.js:50:7)
    at Service.beforeFilter (/Users/z/Documents/pomelo/mango/test/game-server/node_modules/pomelo/lib/common/service/filterService.js:65:3)
    at beforeFilter (/Users/z/Documents/pomelo/mango/test/game-server/node_modules/pomelo/lib/server/server.js:242:8)
    at doHandle (/Users/z/Documents/pomelo/mango/test/game-server/node_modules/pomelo/lib/server/server.js:388:3)
    at Server.pro.handle (/Users/z/Documents/pomelo/mango/test/game-server/node_modules/pomelo/lib/server/server.js:125:3)
    at Component.pro.handle (/Users/z/Documents/pomelo/mango/test/game-server/node_modules/pomelo/lib/components/server.js:67:14)
[2018-06-02 15:35:59.043] [ERROR] pomelo-rpc - [31m[mqtt-acceptor] [39mprocess rpc message error ReferenceError: serverID is not defined
    at Object.fightManger.beginFight (/Users/z/Documents/pomelo/mango/test/game-server/app/services/fightManger.js:40:34)
    at Handler.handler.beginFight (/Users/z/Documents/pomelo/mango/test/game-server/app/servers/fight/handler/fightHandler.js:26:27)
    at Service.handle (/Users/z/Documents/pomelo/mango/test/game-server/node_modules/pomelo/lib/common/service/handlerService.js:59:20)
    at handle (/Users/z/Documents/pomelo/mango/test/game-server/node_modules/pomelo/lib/server/server.js:375:25)
    at next (/Users/z/Documents/pomelo/mango/test/game-server/node_modules/pomelo/lib/common/service/filterService.js:50:7)
    at Service.beforeFilter (/Users/z/Documents/pomelo/mango/test/game-server/node_modules/pomelo/lib/common/service/filterService.js:65:3)
    at beforeFilter (/Users/z/Documents/pomelo/mango/test/game-server/node_modules/pomelo/lib/server/server.js:242:8)
    at doHandle (/Users/z/Documents/pomelo/mango/test/game-server/node_modules/pomelo/lib/server/server.js:388:3)
    at Server.pro.handle (/Users/z/Documents/pomelo/mango/test/game-server/node_modules/pomelo/lib/server/server.js:125:3)
    at Component.pro.handle (/Users/z/Documents/pomelo/mango/test/game-server/node_modules/pomelo/lib/components/server.js:67:14)
[2018-06-02 16:26:20.469] [ERROR] pomelo-rpc - [31m[mqtt-acceptor] [39mprocess rpc message error ReferenceError: flag is not defined
    at Handler.handler.beginFight (/Users/z/Documents/pomelo/mango/test/game-server/app/servers/fight/handler/fightHandler.js:28:54)
    at Service.handle (/Users/z/Documents/pomelo/mango/test/game-server/node_modules/pomelo/lib/common/service/handlerService.js:59:20)
    at handle (/Users/z/Documents/pomelo/mango/test/game-server/node_modules/pomelo/lib/server/server.js:375:25)
    at next (/Users/z/Documents/pomelo/mango/test/game-server/node_modules/pomelo/lib/common/service/filterService.js:50:7)
    at Service.beforeFilter (/Users/z/Documents/pomelo/mango/test/game-server/node_modules/pomelo/lib/common/service/filterService.js:65:3)
    at beforeFilter (/Users/z/Documents/pomelo/mango/test/game-server/node_modules/pomelo/lib/server/server.js:242:8)
    at doHandle (/Users/z/Documents/pomelo/mango/test/game-server/node_modules/pomelo/lib/server/server.js:388:3)
    at Server.pro.handle (/Users/z/Documents/pomelo/mango/test/game-server/node_modules/pomelo/lib/server/server.js:125:3)
    at Component.pro.handle (/Users/z/Documents/pomelo/mango/test/game-server/node_modules/pomelo/lib/components/server.js:67:14)
    at Remote.forwardMessage (/Users/z/Documents/pomelo/mango/test/game-server/node_modules/pomelo/lib/common/remote/backend/msgRemote.js:45:10)
[2018-06-02 16:27:53.845] [ERROR] pomelo-rpc - [31m[mqtt-acceptor] [39mprocess rpc message error TypeError: Cannot read property 'getByUid' of undefined
    at Remote.pushMessage (/Users/z/Documents/pomelo/mango/test/game-server/node_modules/pomelo/lib/common/remote/frontend/channelRemote.js:38:31)
    at /Users/z/Documents/pomelo/mango/test/game-server/node_modules/pomelo/lib/common/service/channelService.js:432:45
    at sendMessage (/Users/z/Documents/pomelo/mango/test/game-server/node_modules/pomelo/lib/common/service/channelService.js:437:7)
    at sendMessageByGroup (/Users/z/Documents/pomelo/mango/test/game-server/node_modules/pomelo/lib/common/service/channelService.js:444:7)
    at Channel.pushMessage (/Users/z/Documents/pomelo/mango/test/game-server/node_modules/pomelo/lib/common/service/channelService.js:331:3)
    at Object.fightManger.beginFight (/Users/z/Documents/pomelo/mango/test/game-server/app/services/fightManger.js:34:13)
    at Handler.handler.beginFight (/Users/z/Documents/pomelo/mango/test/game-server/app/servers/fight/handler/fightHandler.js:31:14)
    at Service.handle (/Users/z/Documents/pomelo/mango/test/game-server/node_modules/pomelo/lib/common/service/handlerService.js:59:20)
    at handle (/Users/z/Documents/pomelo/mango/test/game-server/node_modules/pomelo/lib/server/server.js:375:25)
    at next (/Users/z/Documents/pomelo/mango/test/game-server/node_modules/pomelo/lib/common/service/filterService.js:50:7)
[2018-06-02 17:05:14.982] [ERROR] pomelo-rpc - [31m[mqtt-acceptor] [39mprocess rpc message error TypeError: Cannot read property 'get' of undefined
    at Object.fightManger.beginFight (/Users/z/Documents/pomelo/mango/test/game-server/app/services/fightManger.js:34:28)
    at Handler.handler.beginFight (/Users/z/Documents/pomelo/mango/test/game-server/app/servers/fight/handler/fightHandler.js:31:14)
    at Service.handle (/Users/z/Documents/pomelo/mango/test/game-server/node_modules/pomelo/lib/common/service/handlerService.js:59:20)
    at handle (/Users/z/Documents/pomelo/mango/test/game-server/node_modules/pomelo/lib/server/server.js:375:25)
    at next (/Users/z/Documents/pomelo/mango/test/game-server/node_modules/pomelo/lib/common/service/filterService.js:50:7)
    at Service.beforeFilter (/Users/z/Documents/pomelo/mango/test/game-server/node_modules/pomelo/lib/common/service/filterService.js:65:3)
    at beforeFilter (/Users/z/Documents/pomelo/mango/test/game-server/node_modules/pomelo/lib/server/server.js:242:8)
    at doHandle (/Users/z/Documents/pomelo/mango/test/game-server/node_modules/pomelo/lib/server/server.js:388:3)
    at Server.pro.handle (/Users/z/Documents/pomelo/mango/test/game-server/node_modules/pomelo/lib/server/server.js:125:3)
    at Component.pro.handle (/Users/z/Documents/pomelo/mango/test/game-server/node_modules/pomelo/lib/components/server.js:67:14)
